<?xml version="1.0" encoding="UTF-8"?>
<!-- Generated by org.testng.reporters.JUnitXMLReporter -->
<testsuite ignored="0" hostname="DESKTOP-N1OEVCK" failures="1" tests="31" name="SauceDemoTest" time="93.079" errors="0" timestamp="2025-03-21T23:01:01 CET">
  <testcase classname="tests.LogInTest" name="testLogInSuccessful" time="0.895"/>
  <testcase classname="tests.LogInTest" name="testLogInWithWrongUserName" time="0.617"/>
  <testcase classname="tests.InventoryTest" name="testAddAndRemoveOneItem" time="1.159">
    <failure type="java.lang.AssertionError" message="Test failed: Expected 0 items in the cart, but found a different number. expected [1] but found [0]">
      <![CDATA[java.lang.AssertionError: Test failed: Expected 0 items in the cart, but found a different number. expected [1] but found [0]
at org.testng.Assert.fail(Assert.java:111)
at org.testng.Assert.failNotEquals(Assert.java:1578)
at org.testng.Assert.assertEqualsImpl(Assert.java:150)
at org.testng.Assert.assertEquals(Assert.java:132)
at org.testng.Assert.assertEquals(Assert.java:1419)
at org.testng.Assert.assertEquals(Assert.java:1383)
at tests.InventoryTest.testAddAndRemoveOneItem(InventoryTest.java:33)
at java.base/jdk.internal.reflect.DirectMethodHandleAccessor.invoke(DirectMethodHandleAccessor.java:103)
at java.base/java.lang.reflect.Method.invoke(Method.java:580)
at org.testng.internal.invokers.MethodInvocationHelper.invokeMethod(MethodInvocationHelper.java:141)
at org.testng.internal.invokers.TestInvoker.invokeMethod(TestInvoker.java:686)
at org.testng.internal.invokers.TestInvoker.invokeTestMethod(TestInvoker.java:230)
at org.testng.internal.invokers.MethodRunner.runInSequence(MethodRunner.java:63)
at org.testng.internal.invokers.TestInvoker$MethodInvocationAgent.invoke(TestInvoker.java:992)
at org.testng.internal.invokers.TestInvoker.invokeTestMethods(TestInvoker.java:203)
at org.testng.internal.invokers.TestMethodWorker.invokeTestMethods(TestMethodWorker.java:154)
at org.testng.internal.invokers.TestMethodWorker.run(TestMethodWorker.java:134)
at java.base/java.util.ArrayList.forEach(ArrayList.java:1597)
at org.testng.TestRunner.privateRun(TestRunner.java:739)
at org.testng.TestRunner.run(TestRunner.java:614)
at org.testng.SuiteRunner.runTest(SuiteRunner.java:421)
at org.testng.SuiteRunner.runSequentially(SuiteRunner.java:413)
at org.testng.SuiteRunner.privateRun(SuiteRunner.java:373)
at org.testng.SuiteRunner.run(SuiteRunner.java:312)
at org.testng.SuiteRunnerWorker.runSuite(SuiteRunnerWorker.java:52)
at org.testng.SuiteRunnerWorker.run(SuiteRunnerWorker.java:95)
at org.testng.TestNG.runSuitesSequentially(TestNG.java:1274)
at org.testng.TestNG.runSuitesLocally(TestNG.java:1208)
at org.testng.TestNG.runSuites(TestNG.java:1112)
at org.testng.TestNG.run(TestNG.java:1079)
at com.intellij.rt.testng.IDEARemoteTestNG.run(IDEARemoteTestNG.java:65)
at com.intellij.rt.testng.RemoteTestNGStarter.main(RemoteTestNGStarter.java:105)
]]>
    </failure>
  </testcase> <!-- testAddAndRemoveOneItem -->
  <testcase classname="tests.InventoryTest" name="testAddNotExistingItem" time="0.189"/>
  <testcase classname="tests.InventoryTest" name="testAddTwoAndRemoveOneItem" time="1.695"/>
  <testcase classname="tests.InventoryItemTest" name="testOpenOneItemPage" time="1.26"/>
  <testcase classname="tests.InventoryItemTest" name="testAddFirstItemAndOpenSecondItemPage" time="1.048"/>
  <testcase classname="tests.CartTest" name="testCartWithTwoItems" time="1.866"/>
  <testcase classname="tests.CartTest" name="testCartWithThreeItems" time="1.769"/>
  <testcase classname="tests.FilterTest" name="testFilterByNameDescending" time="0.444"/>
  <testcase classname="tests.FilterTest" name="testFilterByPriceAscending" time="0.455"/>
  <testcase classname="tests.FilterTest" name="testFilterByPriceDescending" time="0.411"/>
  <testcase classname="tests.FilterTest" name="testFilterOptions" time="0.195"/>
  <testcase classname="tests.FilterTest" name="testSelectedOption" time="0.357"/>
  <testcase classname="tests.CheckoutOnePageTest" name="testCheckoutPage" time="1.566"/>
  <testcase classname="tests.CheckoutTwoPageTest" name="testCheckoutTwoPage" time="0.585"/>
  <testcase classname="tests.CheckoutTwoPageTest" name="testCheckoutTwoPageAndAddOneItem" time="1.826"/>
  <testcase classname="tests.CheckOutCompleteTest" name="testCheckoutComplete" time="0.266"/>
  <testcase classname="tests.InventoryDataDrivenTest" name="testAddAllItemsToCart" time="0.955"/>
  <testcase classname="tests.InventoryDataDrivenTest" name="testAddAllItemsToCart" time="0.769"/>
  <testcase classname="tests.InventoryDataDrivenTest" name="testAddAllItemsToCart" time="1.08"/>
  <testcase classname="tests.InventoryDataDrivenTest" name="testAddAllItemsToCart" time="0.87"/>
  <testcase classname="tests.InventoryDataDrivenTest" name="testAddAllItemsToCart" time="0.892"/>
  <testcase classname="tests.InventoryDataDrivenTest" name="testAddAllItemsToCart" time="0.887"/>
  <testcase classname="tests.InventoryDataDrivenTest" name="testRemoveAllItemsFromCart" time="0.424"/>
  <testcase classname="tests.InventoryDataDrivenTest" name="testRemoveAllItemsFromCart" time="0.473"/>
  <testcase classname="tests.InventoryDataDrivenTest" name="testRemoveAllItemsFromCart" time="0.454"/>
  <testcase classname="tests.InventoryDataDrivenTest" name="testRemoveAllItemsFromCart" time="0.591"/>
  <testcase classname="tests.InventoryDataDrivenTest" name="testRemoveAllItemsFromCart" time="0.811"/>
  <testcase classname="tests.InventoryDataDrivenTest" name="testRemoveAllItemsFromCart" time="1.037"/>
  <testcase classname="e2e.EndToEndTest" name="testEndToEnd" time="4.961"/>
</testsuite> <!-- SauceDemoTest -->
