<html>
<head>
<title>TestNG:  SauceDemoTest</title>
<link href="../testng.css" rel="stylesheet" type="text/css" />
<link href="../my-testng.css" rel="stylesheet" type="text/css" />

<style type="text/css">
.log { display: none;} 
.stack-trace { display: none;} 
</style>
<script type="text/javascript">
<!--
function flip(e) {
  current = e.style.display;
  if (current == 'block') {
    e.style.display = 'none';
    return 0;
  }
  else {
    e.style.display = 'block';
    return 1;
  }
}

function toggleBox(szDivId, elem, msg1, msg2)
{
  var res = -1;  if (document.getElementById) {
    res = flip(document.getElementById(szDivId));
  }
  else if (document.all) {
    // this is the way old msie versions work
    res = flip(document.all[szDivId]);
  }
  if(elem) {
    if(res == 0) elem.innerHTML = msg1; else elem.innerHTML = msg2;
  }

}

function toggleAllBoxes() {
  if (document.getElementsByTagName) {
    d = document.getElementsByTagName('div');
    for (i = 0; i < d.length; i++) {
      if (d[i].className == 'log') {
        flip(d[i]);
      }
    }
  }
}

// -->
</script>

</head>
<body>
<h2 align='center'>SauceDemoTest</h2><table border='1' align="center">
<tr>
<td>Tests passed/Failed/Skipped:</td><td>30/1/0</td>
</tr><tr>
<td>Started on:</td><td>Fri Mar 21 22:59:27 CET 2025</td>
</tr>
<tr><td>Total time:</td><td>93 seconds (93079 ms)</td>
</tr><tr>
<td>Included groups:</td><td></td>
</tr><tr>
<td>Excluded groups:</td><td></td>
</tr>
</table><p/>
<small><i>(Hover the method name to see the test class name)</i></small><p/>
<table width='100%' border='1' class='invocation-failed'>
<tr><td colspan='4' align='center'><b>FAILED TESTS</b></td></tr>
<tr><td><b>Test method</b></td>
<td><b>Attribute(s)</b></td>
<td width="30%"><b>Exception</b></td>
<td width="10%"><b>Time (seconds)</b></td>
<td><b>Instance</b></td>
</tr>
<tr>
<td title='tests.InventoryTest.testAddAndRemoveOneItem()'><b>testAddAndRemoveOneItem</b><br>Test class: tests.InventoryTest</td>
<td><div><pre>java.lang.AssertionError: Test failed: Expected 0 items in the cart, but found a different number. expected [1] but found [0]
	at org.testng.Assert.fail(Assert.java:111)
	at org.testng.Assert.failNotEquals(Assert.java:1578)
	at org.testng.Assert.assertEqualsImpl(Assert.java:150)
	at org.testng.Assert.assertEquals(Assert.java:132)
	at org.testng.Assert.assertEquals(Assert.java:1419)
	at org.testng.Assert.assertEquals(Assert.java:1383)
	at tests.InventoryTest.testAddAndRemoveOneItem(InventoryTest.java:33)
	at java.base/jdk.internal.reflect.DirectMethodHandleAccessor.invoke(DirectMethodHandleAccessor.java:103)
	at java.base/java.lang.reflect.Method.invoke(Method.java:580)
	at org.testng.internal.invokers.MethodInvocationHelper.invokeMethod(MethodInvocationHelper.java:141)
	at org.testng.internal.invokers.TestInvoker.invokeMethod(TestInvoker.java:686)
	at org.testng.internal.invokers.TestInvoker.invokeTestMethod(TestInvoker.java:230)
	at org.testng.internal.invokers.MethodRunner.runInSequence(MethodRunner.java:63)
	at org.testng.internal.invokers.TestInvoker$MethodInvocationAgent.invoke(TestInvoker.java:992)
	at org.testng.internal.invokers.TestInvoker.invokeTestMethods(TestInvoker.java:203)
	at org.testng.internal.invokers.TestMethodWorker.invokeTestMethods(TestMethodWorker.java:154)
	at org.testng.internal.invokers.TestMethodWorker.run(TestMethodWorker.java:134)
	at java.base/java.util.ArrayList.forEach(ArrayList.java:1597)
	at org.testng.TestRunner.privateRun(TestRunner.java:739)
	at org.testng.TestRunner.run(TestRunner.java:614)
	at org.testng.SuiteRunner.runTest(SuiteRunner.java:421)
	at org.testng.SuiteRunner.runSequentially(SuiteRunner.java:413)
	at org.testng.SuiteRunner.privateRun(SuiteRunner.java:373)
	at org.testng.SuiteRunner.run(SuiteRunner.java:312)
	at org.testng.SuiteRunnerWorker.runSuite(SuiteRunnerWorker.java:52)
	at org.testng.SuiteRunnerWorker.run(SuiteRunnerWorker.java:95)
	at org.testng.TestNG.runSuitesSequentially(TestNG.java:1274)
	at org.testng.TestNG.runSuitesLocally(TestNG.java:1208)
	at org.testng.TestNG.runSuites(TestNG.java:1112)
	at org.testng.TestNG.run(TestNG.java:1079)
	at com.intellij.rt.testng.IDEARemoteTestNG.run(IDEARemoteTestNG.java:65)
	at com.intellij.rt.testng.RemoteTestNGStarter.main(RemoteTestNGStarter.java:105)
</pre></div><a href='#' onClick='toggleBox("stack-trace1394241900", this, "Click to show all stack frames", "Click to hide stack frames")'>Click to show all stack frames</a>
<div class='stack-trace' id='stack-trace1394241900'><pre>java.lang.AssertionError: Test failed: Expected 0 items in the cart, but found a different number. expected [1] but found [0]
	at org.testng.Assert.fail(Assert.java:111)
	at org.testng.Assert.failNotEquals(Assert.java:1578)
	at org.testng.Assert.assertEqualsImpl(Assert.java:150)
	at org.testng.Assert.assertEquals(Assert.java:132)
	at org.testng.Assert.assertEquals(Assert.java:1419)
	at org.testng.Assert.assertEquals(Assert.java:1383)
	at tests.InventoryTest.testAddAndRemoveOneItem(InventoryTest.java:33)
	at java.base/jdk.internal.reflect.DirectMethodHandleAccessor.invoke(DirectMethodHandleAccessor.java:103)
	at java.base/java.lang.reflect.Method.invoke(Method.java:580)
	at org.testng.internal.invokers.MethodInvocationHelper.invokeMethod(MethodInvocationHelper.java:141)
	at org.testng.internal.invokers.TestInvoker.invokeMethod(TestInvoker.java:686)
	at org.testng.internal.invokers.TestInvoker.invokeTestMethod(TestInvoker.java:230)
	at org.testng.internal.invokers.MethodRunner.runInSequence(MethodRunner.java:63)
	at org.testng.internal.invokers.TestInvoker$MethodInvocationAgent.invoke(TestInvoker.java:992)
	at org.testng.internal.invokers.TestInvoker.invokeTestMethods(TestInvoker.java:203)
	at org.testng.internal.invokers.TestMethodWorker.invokeTestMethods(TestMethodWorker.java:154)
	at org.testng.internal.invokers.TestMethodWorker.run(TestMethodWorker.java:134)
	at java.base/java.util.ArrayList.forEach(ArrayList.java:1597)
	at org.testng.TestRunner.privateRun(TestRunner.java:739)
	at org.testng.TestRunner.run(TestRunner.java:614)
	at org.testng.SuiteRunner.runTest(SuiteRunner.java:421)
	at org.testng.SuiteRunner.runSequentially(SuiteRunner.java:413)
	at org.testng.SuiteRunner.privateRun(SuiteRunner.java:373)
	at org.testng.SuiteRunner.run(SuiteRunner.java:312)
	at org.testng.SuiteRunnerWorker.runSuite(SuiteRunnerWorker.java:52)
	at org.testng.SuiteRunnerWorker.run(SuiteRunnerWorker.java:95)
	at org.testng.TestNG.runSuitesSequentially(TestNG.java:1274)
	at org.testng.TestNG.runSuitesLocally(TestNG.java:1208)
	at org.testng.TestNG.runSuites(TestNG.java:1112)
	at org.testng.TestNG.run(TestNG.java:1079)
	at com.intellij.rt.testng.IDEARemoteTestNG.run(IDEARemoteTestNG.java:65)
	at com.intellij.rt.testng.RemoteTestNGStarter.main(RemoteTestNGStarter.java:105)
</pre></div></td>
<td>1</td>
<td>tests.InventoryTest@8f4ea7c</td></tr>
</table><p>
<table width='100%' border='1' class='invocation-passed'>
<tr><td colspan='4' align='center'><b>PASSED TESTS</b></td></tr>
<tr><td><b>Test method</b></td>
<td><b>Attribute(s)</b></td>
<td width="30%"><b>Exception</b></td>
<td width="10%"><b>Time (seconds)</b></td>
<td><b>Instance</b></td>
</tr>
<tr>
<td title='tests.InventoryDataDrivenTest.testAddAllItemsToCart()'><b>testAddAllItemsToCart</b><br>Test class: tests.InventoryDataDrivenTest<br>Parameters: 3, Sauce Labs Fleece Jacket, It's not every day that you come across a midweight quarter-zip fleece jacket capable of handling everything from a relaxing day outdoors to a busy day at the office., 49.99</td>
<td></td>
<td>0</td>
<td>tests.InventoryDataDrivenTest@6f4a47c7</td></tr>
<tr>
<td title='tests.InventoryDataDrivenTest.testRemoveAllItemsFromCart()'><b>testRemoveAllItemsFromCart</b><br>Test class: tests.InventoryDataDrivenTest<br>Parameters: 3, Sauce Labs Fleece Jacket, It's not every day that you come across a midweight quarter-zip fleece jacket capable of handling everything from a relaxing day outdoors to a busy day at the office., 49.99</td>
<td></td>
<td>0</td>
<td>tests.InventoryDataDrivenTest@6f4a47c7</td></tr>
<tr>
<td title='tests.InventoryDataDrivenTest.testRemoveAllItemsFromCart()'><b>testRemoveAllItemsFromCart</b><br>Test class: tests.InventoryDataDrivenTest<br>Parameters: 5, Test.allTheThings() T-Shirt (Red), This classic Sauce Labs t-shirt is perfect to wear when cozying up to your keyboard to automate a few tests. Super-soft and comfy ringspun combed cotton., 15.99</td>
<td></td>
<td>1</td>
<td>tests.InventoryDataDrivenTest@6f4a47c7</td></tr>
<tr>
<td title='tests.InventoryDataDrivenTest.testRemoveAllItemsFromCart()'><b>testRemoveAllItemsFromCart</b><br>Test class: tests.InventoryDataDrivenTest<br>Parameters: 2, Sauce Labs Bolt T-Shirt, Get your testing superhero on with the Sauce Labs bolt T-shirt. From American Apparel, 100% ringspun combed cotton, heather gray with red bolt., 15.99</td>
<td></td>
<td>0</td>
<td>tests.InventoryDataDrivenTest@6f4a47c7</td></tr>
<tr>
<td title='tests.LogInTest.testLogInSuccessful()'><b>testLogInSuccessful</b><br>Test class: tests.LogInTest</td>
<td></td>
<td>0</td>
<td>tests.LogInTest@6356695f</td></tr>
<tr>
<td title='tests.FilterTest.testFilterByNameDescending()'><b>testFilterByNameDescending</b><br>Test class: tests.FilterTest</td>
<td></td>
<td>0</td>
<td>tests.FilterTest@3febb011</td></tr>
<tr>
<td title='tests.InventoryDataDrivenTest.testRemoveAllItemsFromCart()'><b>testRemoveAllItemsFromCart</b><br>Test class: tests.InventoryDataDrivenTest<br>Parameters: 0, Sauce Labs Backpack, carry.allTheThings() with the sleek, streamlined Sly Pack that melds uncompromising style with unequaled laptop and tablet protection., 29.99</td>
<td></td>
<td>0</td>
<td>tests.InventoryDataDrivenTest@6f4a47c7</td></tr>
<tr>
<td title='tests.InventoryTest.testAddTwoAndRemoveOneItem()'><b>testAddTwoAndRemoveOneItem</b><br>Test class: tests.InventoryTest</td>
<td></td>
<td>1</td>
<td>tests.InventoryTest@8f4ea7c</td></tr>
<tr>
<td title='tests.CheckoutOnePageTest.testCheckoutPage()'><b>testCheckoutPage</b><br>Test class: tests.CheckoutOnePageTest</td>
<td></td>
<td>1</td>
<td>tests.CheckoutOnePageTest@6200f9cb</td></tr>
<tr>
<td title='tests.InventoryDataDrivenTest.testAddAllItemsToCart()'><b>testAddAllItemsToCart</b><br>Test class: tests.InventoryDataDrivenTest<br>Parameters: 0, Sauce Labs Backpack, carry.allTheThings() with the sleek, streamlined Sly Pack that melds uncompromising style with unequaled laptop and tablet protection., 29.99</td>
<td></td>
<td>0</td>
<td>tests.InventoryDataDrivenTest@6f4a47c7</td></tr>
<tr>
<td title='tests.FilterTest.testSelectedOption()'><b>testSelectedOption</b><br>Test class: tests.FilterTest</td>
<td></td>
<td>0</td>
<td>tests.FilterTest@3febb011</td></tr>
<tr>
<td title='tests.CheckoutTwoPageTest.testCheckoutTwoPage()'><b>testCheckoutTwoPage</b><br>Test class: tests.CheckoutTwoPageTest</td>
<td></td>
<td>0</td>
<td>tests.CheckoutTwoPageTest@2002fc1d</td></tr>
<tr>
<td title='tests.InventoryTest.testAddNotExistingItem()'><b>testAddNotExistingItem</b><br>Test class: tests.InventoryTest</td>
<td><div><pre>java.lang.IllegalArgumentException: Item with name: add-to-cart-noitem does not exist.
	at pages.InventoryPage.lambda$clickAddRemoveButton$6(InventoryPage.java:98)
	at java.base/java.util.Optional.orElseThrow(Optional.java:403)
	at pages.InventoryPage.clickAddRemoveButton(InventoryPage.java:98)
	at pages.InventoryPage.addItemToCart(InventoryPage.java:85)
	at tests.InventoryTest.testAddNotExistingItem(InventoryTest.java:62)
	at java.base/jdk.internal.reflect.DirectMethodHandleAccessor.invoke(DirectMethodHandleAccessor.java:103)
	at java.base/java.lang.reflect.Method.invoke(Method.java:580)
	at org.testng.internal.invokers.MethodInvocationHelper.invokeMethod(MethodInvocationHelper.java:141)
	at org.testng.internal.invokers.TestInvoker.invokeMethod(TestInvoker.java:686)
	at org.testng.internal.invokers.TestInvoker.invokeTestMethod(TestInvoker.java:230)
	at org.testng.internal.invokers.MethodRunner.runInSequence(MethodRunner.java:63)
	at org.testng.internal.invokers.TestInvoker$MethodInvocationAgent.invoke(TestInvoker.java:992)
	at org.testng.internal.invokers.TestInvoker.invokeTestMethods(TestInvoker.java:203)
	at org.testng.internal.invokers.TestMethodWorker.invokeTestMethods(TestMethodWorker.java:154)
	at org.testng.internal.invokers.TestMethodWorker.run(TestMethodWorker.java:134)
	at java.base/java.util.ArrayList.forEach(ArrayList.java:1597)
	at org.testng.TestRunner.privateRun(TestRunner.java:739)
	at org.testng.TestRunner.run(TestRunner.java:614)
	at org.testng.SuiteRunner.runTest(SuiteRunner.java:421)
	at org.testng.SuiteRunner.runSequentially(SuiteRunner.java:413)
	at org.testng.SuiteRunner.privateRun(SuiteRunner.java:373)
	at org.testng.SuiteRunner.run(SuiteRunner.java:312)
	at org.testng.SuiteRunnerWorker.runSuite(SuiteRunnerWorker.java:52)
	at org.testng.SuiteRunnerWorker.run(SuiteRunnerWorker.java:95)
	at org.testng.TestNG.runSuitesSequentially(TestNG.java:1274)
	at org.testng.TestNG.runSuitesLocally(TestNG.java:1208)
	at org.testng.TestNG.runSuites(TestNG.java:1112)
	at org.testng.TestNG.run(TestNG.java:1079)
	at com.intellij.rt.testng.IDEARemoteTestNG.run(IDEARemoteTestNG.java:65)
	at com.intellij.rt.testng.RemoteTestNGStarter.main(RemoteTestNGStarter.java:105)
</pre></div><a href='#' onClick='toggleBox("stack-trace1374243709", this, "Click to show all stack frames", "Click to hide stack frames")'>Click to show all stack frames</a>
<div class='stack-trace' id='stack-trace1374243709'><pre>java.lang.IllegalArgumentException: Item with name: add-to-cart-noitem does not exist.
	at pages.InventoryPage.lambda$clickAddRemoveButton$6(InventoryPage.java:98)
	at java.base/java.util.Optional.orElseThrow(Optional.java:403)
	at pages.InventoryPage.clickAddRemoveButton(InventoryPage.java:98)
	at pages.InventoryPage.addItemToCart(InventoryPage.java:85)
	at tests.InventoryTest.testAddNotExistingItem(InventoryTest.java:62)
	at java.base/jdk.internal.reflect.DirectMethodHandleAccessor.invoke(DirectMethodHandleAccessor.java:103)
	at java.base/java.lang.reflect.Method.invoke(Method.java:580)
	at org.testng.internal.invokers.MethodInvocationHelper.invokeMethod(MethodInvocationHelper.java:141)
	at org.testng.internal.invokers.TestInvoker.invokeMethod(TestInvoker.java:686)
	at org.testng.internal.invokers.TestInvoker.invokeTestMethod(TestInvoker.java:230)
	at org.testng.internal.invokers.MethodRunner.runInSequence(MethodRunner.java:63)
	at org.testng.internal.invokers.TestInvoker$MethodInvocationAgent.invoke(TestInvoker.java:992)
	at org.testng.internal.invokers.TestInvoker.invokeTestMethods(TestInvoker.java:203)
	at org.testng.internal.invokers.TestMethodWorker.invokeTestMethods(TestMethodWorker.java:154)
	at org.testng.internal.invokers.TestMethodWorker.run(TestMethodWorker.java:134)
	at java.base/java.util.ArrayList.forEach(ArrayList.java:1597)
	at org.testng.TestRunner.privateRun(TestRunner.java:739)
	at org.testng.TestRunner.run(TestRunner.java:614)
	at org.testng.SuiteRunner.runTest(SuiteRunner.java:421)
	at org.testng.SuiteRunner.runSequentially(SuiteRunner.java:413)
	at org.testng.SuiteRunner.privateRun(SuiteRunner.java:373)
	at org.testng.SuiteRunner.run(SuiteRunner.java:312)
	at org.testng.SuiteRunnerWorker.runSuite(SuiteRunnerWorker.java:52)
	at org.testng.SuiteRunnerWorker.run(SuiteRunnerWorker.java:95)
	at org.testng.TestNG.runSuitesSequentially(TestNG.java:1274)
	at org.testng.TestNG.runSuitesLocally(TestNG.java:1208)
	at org.testng.TestNG.runSuites(TestNG.java:1112)
	at org.testng.TestNG.run(TestNG.java:1079)
	at com.intellij.rt.testng.IDEARemoteTestNG.run(IDEARemoteTestNG.java:65)
	at com.intellij.rt.testng.RemoteTestNGStarter.main(RemoteTestNGStarter.java:105)
</pre></div></td>
<td>0</td>
<td>tests.InventoryTest@8f4ea7c</td></tr>
<tr>
<td title='tests.CheckoutTwoPageTest.testCheckoutTwoPageAndAddOneItem()'><b>testCheckoutTwoPageAndAddOneItem</b><br>Test class: tests.CheckoutTwoPageTest</td>
<td></td>
<td>1</td>
<td>tests.CheckoutTwoPageTest@2002fc1d</td></tr>
<tr>
<td title='tests.FilterTest.testFilterByPriceDescending()'><b>testFilterByPriceDescending</b><br>Test class: tests.FilterTest</td>
<td></td>
<td>0</td>
<td>tests.FilterTest@3febb011</td></tr>
<tr>
<td title='tests.InventoryDataDrivenTest.testRemoveAllItemsFromCart()'><b>testRemoveAllItemsFromCart</b><br>Test class: tests.InventoryDataDrivenTest<br>Parameters: 4, Sauce Labs Onesie, Rib snap infant onesie for the junior automation engineer in development. Reinforced 3-snap bottom closure, two-needle hemmed sleeved and bottom won't unravel., 7.99</td>
<td></td>
<td>0</td>
<td>tests.InventoryDataDrivenTest@6f4a47c7</td></tr>
<tr>
<td title='tests.InventoryDataDrivenTest.testAddAllItemsToCart()'><b>testAddAllItemsToCart</b><br>Test class: tests.InventoryDataDrivenTest<br>Parameters: 1, Sauce Labs Bike Light, A red light isn't the desired state in testing but it sure helps when riding your bike at night. Water-resistant with 3 lighting modes, 1 AAA battery included., 9.99</td>
<td></td>
<td>0</td>
<td>tests.InventoryDataDrivenTest@6f4a47c7</td></tr>
<tr>
<td title='tests.InventoryDataDrivenTest.testAddAllItemsToCart()'><b>testAddAllItemsToCart</b><br>Test class: tests.InventoryDataDrivenTest<br>Parameters: 5, Test.allTheThings() T-Shirt (Red), This classic Sauce Labs t-shirt is perfect to wear when cozying up to your keyboard to automate a few tests. Super-soft and comfy ringspun combed cotton., 15.99</td>
<td></td>
<td>0</td>
<td>tests.InventoryDataDrivenTest@6f4a47c7</td></tr>
<tr>
<td title='tests.CartTest.testCartWithTwoItems()'><b>testCartWithTwoItems</b><br>Test class: tests.CartTest</td>
<td></td>
<td>1</td>
<td>tests.CartTest@74fe5c40</td></tr>
<tr>
<td title='tests.FilterTest.testFilterByPriceAscending()'><b>testFilterByPriceAscending</b><br>Test class: tests.FilterTest</td>
<td></td>
<td>0</td>
<td>tests.FilterTest@3febb011</td></tr>
<tr>
<td title='tests.LogInTest.testLogInWithWrongUserName()'><b>testLogInWithWrongUserName</b><br>Test class: tests.LogInTest</td>
<td></td>
<td>0</td>
<td>tests.LogInTest@6356695f</td></tr>
<tr>
<td title='tests.InventoryDataDrivenTest.testAddAllItemsToCart()'><b>testAddAllItemsToCart</b><br>Test class: tests.InventoryDataDrivenTest<br>Parameters: 2, Sauce Labs Bolt T-Shirt, Get your testing superhero on with the Sauce Labs bolt T-shirt. From American Apparel, 100% ringspun combed cotton, heather gray with red bolt., 15.99</td>
<td></td>
<td>1</td>
<td>tests.InventoryDataDrivenTest@6f4a47c7</td></tr>
<tr>
<td title='tests.InventoryItemTest.testOpenOneItemPage()'><b>testOpenOneItemPage</b><br>Test class: tests.InventoryItemTest</td>
<td></td>
<td>1</td>
<td>tests.InventoryItemTest@436813f3</td></tr>
<tr>
<td title='tests.FilterTest.testFilterOptions()'><b>testFilterOptions</b><br>Test class: tests.FilterTest</td>
<td></td>
<td>0</td>
<td>tests.FilterTest@3febb011</td></tr>
<tr>
<td title='tests.CheckOutCompleteTest.testCheckoutComplete()'><b>testCheckoutComplete</b><br>Test class: tests.CheckOutCompleteTest</td>
<td></td>
<td>0</td>
<td>tests.CheckOutCompleteTest@69453e37</td></tr>
<tr>
<td title='tests.InventoryDataDrivenTest.testAddAllItemsToCart()'><b>testAddAllItemsToCart</b><br>Test class: tests.InventoryDataDrivenTest<br>Parameters: 4, Sauce Labs Onesie, Rib snap infant onesie for the junior automation engineer in development. Reinforced 3-snap bottom closure, two-needle hemmed sleeved and bottom won't unravel., 7.99</td>
<td></td>
<td>0</td>
<td>tests.InventoryDataDrivenTest@6f4a47c7</td></tr>
<tr>
<td title='e2e.EndToEndTest.testEndToEnd()'><b>testEndToEnd</b><br>Test class: e2e.EndToEndTest</td>
<td></td>
<td>4</td>
<td>e2e.EndToEndTest@4c5228e7</td></tr>
<tr>
<td title='tests.InventoryItemTest.testAddFirstItemAndOpenSecondItemPage()'><b>testAddFirstItemAndOpenSecondItemPage</b><br>Test class: tests.InventoryItemTest</td>
<td></td>
<td>1</td>
<td>tests.InventoryItemTest@436813f3</td></tr>
<tr>
<td title='tests.InventoryDataDrivenTest.testRemoveAllItemsFromCart()'><b>testRemoveAllItemsFromCart</b><br>Test class: tests.InventoryDataDrivenTest<br>Parameters: 1, Sauce Labs Bike Light, A red light isn't the desired state in testing but it sure helps when riding your bike at night. Water-resistant with 3 lighting modes, 1 AAA battery included., 9.99</td>
<td></td>
<td>0</td>
<td>tests.InventoryDataDrivenTest@6f4a47c7</td></tr>
<tr>
<td title='tests.CartTest.testCartWithThreeItems()'><b>testCartWithThreeItems</b><br>Test class: tests.CartTest</td>
<td></td>
<td>1</td>
<td>tests.CartTest@74fe5c40</td></tr>
</table><p>
</body>
</html>